This is pdfTeX, Version 3.141592653-2.6-1.40.23 (TeX Live 2021/W32TeX) (preloaded format=pdflatex 2022.3.17)  26 AUG 2022 15:20
entering extended mode
 restricted \write18 enabled.
 %&-line parsing enabled.
**komr_1_sem.tex
(./komr_1_sem.tex
LaTeX2e <2021-11-15> patch level 1
L3 programming layer <2022-02-24>
(c:/texlive/2021/texmf-dist/tex/latex/base/report.cls
Document Class: report 2021/10/04 v1.4n Standard LaTeX document class
(c:/texlive/2021/texmf-dist/tex/latex/base/size12.clo
File: size12.clo 2021/10/04 v1.4n Standard LaTeX file (size option)
)
\c@part=\count185
\c@chapter=\count186
\c@section=\count187
\c@subsection=\count188
\c@subsubsection=\count189
\c@paragraph=\count190
\c@subparagraph=\count191
\c@figure=\count192
\c@table=\count193
\abovecaptionskip=\skip47
\belowcaptionskip=\skip48
\bibindent=\dimen138
)
(c:/texlive/2021/texmf-dist/tex/latex/cmap/cmap.sty
Package: cmap 2021/02/06 v1.0j CMap support: searchable PDF
)
(c:/texlive/2021/texmf-dist/tex/latex/amsfonts/amssymb.sty
Package: amssymb 2013/01/14 v3.01 AMS font symbols

(c:/texlive/2021/texmf-dist/tex/latex/amsfonts/amsfonts.sty
Package: amsfonts 2013/01/14 v3.01 Basic AMSFonts support
\@emptytoks=\toks16
\symAMSa=\mathgroup4
\symAMSb=\mathgroup5
LaTeX Font Info:    Redeclaring math symbol \hbar on input line 98.
LaTeX Font Info:    Overwriting math alphabet `\mathfrak' in version `bold'
(Font)                  U/euf/m/n --> U/euf/b/n on input line 106.
))
(c:/texlive/2021/texmf-dist/tex/latex/amsmath/amsmath.sty
Package: amsmath 2021/10/15 v2.17l AMS math features
\@mathmargin=\skip49

For additional information on amsmath, use the `?' option.
(c:/texlive/2021/texmf-dist/tex/latex/amsmath/amstext.sty
Package: amstext 2021/08/26 v2.01 AMS text

(c:/texlive/2021/texmf-dist/tex/latex/amsmath/amsgen.sty
File: amsgen.sty 1999/11/30 v2.0 generic functions
\@emptytoks=\toks17
\ex@=\dimen139
))
(c:/texlive/2021/texmf-dist/tex/latex/amsmath/amsbsy.sty
Package: amsbsy 1999/11/29 v1.2d Bold Symbols
\pmbraise@=\dimen140
)
(c:/texlive/2021/texmf-dist/tex/latex/amsmath/amsopn.sty
Package: amsopn 2021/08/26 v2.02 operator names
)
\inf@bad=\count194
LaTeX Info: Redefining \frac on input line 234.
\uproot@=\count195
\leftroot@=\count196
LaTeX Info: Redefining \overline on input line 399.
\classnum@=\count197
\DOTSCASE@=\count198
LaTeX Info: Redefining \ldots on input line 496.
LaTeX Info: Redefining \dots on input line 499.
LaTeX Info: Redefining \cdots on input line 620.
\Mathstrutbox@=\box50
\strutbox@=\box51
\big@size=\dimen141
LaTeX Font Info:    Redeclaring font encoding OML on input line 743.
LaTeX Font Info:    Redeclaring font encoding OMS on input line 744.
\macc@depth=\count199
\c@MaxMatrixCols=\count266
\dotsspace@=\muskip16
\c@parentequation=\count267
\dspbrk@lvl=\count268
\tag@help=\toks18
\row@=\count269
\column@=\count270
\maxfields@=\count271
\andhelp@=\toks19
\eqnshift@=\dimen142
\alignsep@=\dimen143
\tagshift@=\dimen144
\tagwidth@=\dimen145
\totwidth@=\dimen146
\lineht@=\dimen147
\@envbody=\toks20
\multlinegap=\skip50
\multlinetaggap=\skip51
\mathdisplay@stack=\toks21
LaTeX Info: Redefining \[ on input line 2938.
LaTeX Info: Redefining \] on input line 2939.
)
(c:/texlive/2021/texmf-dist/tex/latex/graphics/graphicx.sty
Package: graphicx 2021/09/16 v1.2d Enhanced LaTeX Graphics (DPC,SPQR)

(c:/texlive/2021/texmf-dist/tex/latex/graphics/keyval.sty
Package: keyval 2014/10/28 v1.15 key=value parser (DPC)
\KV@toks@=\toks22
)
(c:/texlive/2021/texmf-dist/tex/latex/graphics/graphics.sty
Package: graphics 2021/03/04 v1.4d Standard LaTeX Graphics (DPC,SPQR)

(c:/texlive/2021/texmf-dist/tex/latex/graphics/trig.sty
Package: trig 2021/08/11 v1.11 sin cos tan (DPC)
)
(c:/texlive/2021/texmf-dist/tex/latex/graphics-cfg/graphics.cfg
File: graphics.cfg 2016/06/04 v1.11 sample graphics configuration
)
Package graphics Info: Driver file: pdftex.def on input line 107.

(c:/texlive/2021/texmf-dist/tex/latex/graphics-def/pdftex.def
File: pdftex.def 2020/10/05 v1.2a Graphics/color driver for pdftex
))
\Gin@req@height=\dimen148
\Gin@req@width=\dimen149
)
(c:/texlive/2021/texmf-dist/tex/latex/float/float.sty
Package: float 2001/11/08 v1.3d Float enhancements (AL)
\c@float@type=\count272
\float@exts=\toks23
\float@box=\box52
\@float@everytoks=\toks24
\@floatcapt=\box53
)
(c:/texlive/2021/texmf-dist/tex/latex/wrapfig/wrapfig.sty
\wrapoverhang=\dimen150
\WF@size=\dimen151
\c@WF@wrappedlines=\count273
\WF@box=\box54
\WF@everypar=\toks25
Package: wrapfig 2003/01/31  v 3.6
)
(c:/texlive/2021/texmf-dist/tex/latex/amscls/amsthm.sty
Package: amsthm 2020/05/29 v2.20.6
\thm@style=\toks26
\thm@bodyfont=\toks27
\thm@headfont=\toks28
\thm@notefont=\toks29
\thm@headpunct=\toks30
\thm@preskip=\skip52
\thm@postskip=\skip53
\thm@headsep=\skip54
\dth@everypar=\toks31
)
(c:/texlive/2021/texmf-dist/tex/latex/setspace/setspace.sty
Package: setspace 2011/12/19 v6.7a set line spacing
)
(c:/texlive/2021/texmf-dist/tex/latex/base/fontenc.sty
Package: fontenc 2021/04/29 v2.0v Standard LaTeX package

(c:/texlive/2021/texmf-dist/tex/latex/cyrillic/t2aenc.def
File: t2aenc.def 2005/09/27 v1.0i Cyrillic encoding definition file
Now handling font encoding T2A ...
... processing UTF-8 mapping file for font encoding T2A

(c:/texlive/2021/texmf-dist/tex/latex/base/t2aenc.dfu
File: t2aenc.dfu 2021/06/21 v1.2n UTF-8 support
   defining Unicode char U+00A4 (decimal 164)
   defining Unicode char U+00A7 (decimal 167)
   defining Unicode char U+00AB (decimal 171)
   defining Unicode char U+00BB (decimal 187)
   defining Unicode char U+0131 (decimal 305)
   defining Unicode char U+0237 (decimal 567)
   defining Unicode char U+0400 (decimal 1024)
   defining Unicode char U+0401 (decimal 1025)
   defining Unicode char U+0402 (decimal 1026)
   defining Unicode char U+0403 (decimal 1027)
   defining Unicode char U+0404 (decimal 1028)
   defining Unicode char U+0405 (decimal 1029)
   defining Unicode char U+0406 (decimal 1030)
   defining Unicode char U+0407 (decimal 1031)
   defining Unicode char U+0408 (decimal 1032)
   defining Unicode char U+0409 (decimal 1033)
   defining Unicode char U+040A (decimal 1034)
   defining Unicode char U+040B (decimal 1035)
   defining Unicode char U+040C (decimal 1036)
   defining Unicode char U+040D (decimal 1037)
   defining Unicode char U+040E (decimal 1038)
   defining Unicode char U+040F (decimal 1039)
   defining Unicode char U+0410 (decimal 1040)
   defining Unicode char U+0411 (decimal 1041)
   defining Unicode char U+0412 (decimal 1042)
   defining Unicode char U+0413 (decimal 1043)
   defining Unicode char U+0414 (decimal 1044)
   defining Unicode char U+0415 (decimal 1045)
   defining Unicode char U+0416 (decimal 1046)
   defining Unicode char U+0417 (decimal 1047)
   defining Unicode char U+0418 (decimal 1048)
   defining Unicode char U+0419 (decimal 1049)
   defining Unicode char U+041A (decimal 1050)
   defining Unicode char U+041B (decimal 1051)
   defining Unicode char U+041C (decimal 1052)
   defining Unicode char U+041D (decimal 1053)
   defining Unicode char U+041E (decimal 1054)
   defining Unicode char U+041F (decimal 1055)
   defining Unicode char U+0420 (decimal 1056)
   defining Unicode char U+0421 (decimal 1057)
   defining Unicode char U+0422 (decimal 1058)
   defining Unicode char U+0423 (decimal 1059)
   defining Unicode char U+0424 (decimal 1060)
   defining Unicode char U+0425 (decimal 1061)
   defining Unicode char U+0426 (decimal 1062)
   defining Unicode char U+0427 (decimal 1063)
   defining Unicode char U+0428 (decimal 1064)
   defining Unicode char U+0429 (decimal 1065)
   defining Unicode char U+042A (decimal 1066)
   defining Unicode char U+042B (decimal 1067)
   defining Unicode char U+042C (decimal 1068)
   defining Unicode char U+042D (decimal 1069)
   defining Unicode char U+042E (decimal 1070)
   defining Unicode char U+042F (decimal 1071)
   defining Unicode char U+0430 (decimal 1072)
   defining Unicode char U+0431 (decimal 1073)
   defining Unicode char U+0432 (decimal 1074)
   defining Unicode char U+0433 (decimal 1075)
   defining Unicode char U+0434 (decimal 1076)
   defining Unicode char U+0435 (decimal 1077)
   defining Unicode char U+0436 (decimal 1078)
   defining Unicode char U+0437 (decimal 1079)
   defining Unicode char U+0438 (decimal 1080)
   defining Unicode char U+0439 (decimal 1081)
   defining Unicode char U+043A (decimal 1082)
   defining Unicode char U+043B (decimal 1083)
   defining Unicode char U+043C (decimal 1084)
   defining Unicode char U+043D (decimal 1085)
   defining Unicode char U+043E (decimal 1086)
   defining Unicode char U+043F (decimal 1087)
   defining Unicode char U+0440 (decimal 1088)
   defining Unicode char U+0441 (decimal 1089)
   defining Unicode char U+0442 (decimal 1090)
   defining Unicode char U+0443 (decimal 1091)
   defining Unicode char U+0444 (decimal 1092)
   defining Unicode char U+0445 (decimal 1093)
   defining Unicode char U+0446 (decimal 1094)
   defining Unicode char U+0447 (decimal 1095)
   defining Unicode char U+0448 (decimal 1096)
   defining Unicode char U+0449 (decimal 1097)
   defining Unicode char U+044A (decimal 1098)
   defining Unicode char U+044B (decimal 1099)
   defining Unicode char U+044C (decimal 1100)
   defining Unicode char U+044D (decimal 1101)
   defining Unicode char U+044E (decimal 1102)
   defining Unicode char U+044F (decimal 1103)
   defining Unicode char U+0450 (decimal 1104)
   defining Unicode char U+0451 (decimal 1105)
   defining Unicode char U+0452 (decimal 1106)
   defining Unicode char U+0453 (decimal 1107)
   defining Unicode char U+0454 (decimal 1108)
   defining Unicode char U+0455 (decimal 1109)
   defining Unicode char U+0456 (decimal 1110)
   defining Unicode char U+0457 (decimal 1111)
   defining Unicode char U+0458 (decimal 1112)
   defining Unicode char U+0459 (decimal 1113)
   defining Unicode char U+045A (decimal 1114)
   defining Unicode char U+045B (decimal 1115)
   defining Unicode char U+045C (decimal 1116)
   defining Unicode char U+045D (decimal 1117)
   defining Unicode char U+045E (decimal 1118)
   defining Unicode char U+045F (decimal 1119)
   defining Unicode char U+0490 (decimal 1168)
   defining Unicode char U+0491 (decimal 1169)
   defining Unicode char U+0492 (decimal 1170)
   defining Unicode char U+0493 (decimal 1171)
   defining Unicode char U+0496 (decimal 1174)
   defining Unicode char U+0497 (decimal 1175)
   defining Unicode char U+0498 (decimal 1176)
   defining Unicode char U+0499 (decimal 1177)
   defining Unicode char U+049A (decimal 1178)
   defining Unicode char U+049B (decimal 1179)
   defining Unicode char U+049C (decimal 1180)
   defining Unicode char U+049D (decimal 1181)
   defining Unicode char U+04A0 (decimal 1184)
   defining Unicode char U+04A1 (decimal 1185)
   defining Unicode char U+04A2 (decimal 1186)
   defining Unicode char U+04A3 (decimal 1187)
   defining Unicode char U+04A4 (decimal 1188)
   defining Unicode char U+04A5 (decimal 1189)
   defining Unicode char U+04AA (decimal 1194)
   defining Unicode char U+04AB (decimal 1195)
   defining Unicode char U+04AE (decimal 1198)
   defining Unicode char U+04AF (decimal 1199)
   defining Unicode char U+04B0 (decimal 1200)
   defining Unicode char U+04B1 (decimal 1201)
   defining Unicode char U+04B2 (decimal 1202)
   defining Unicode char U+04B3 (decimal 1203)
   defining Unicode char U+04B6 (decimal 1206)
   defining Unicode char U+04B7 (decimal 1207)
   defining Unicode char U+04B8 (decimal 1208)
   defining Unicode char U+04B9 (decimal 1209)
   defining Unicode char U+04BA (decimal 1210)
   defining Unicode char U+04BB (decimal 1211)
   defining Unicode char U+04C0 (decimal 1216)
   defining Unicode char U+04C1 (decimal 1217)
   defining Unicode char U+04C2 (decimal 1218)
   defining Unicode char U+04D0 (decimal 1232)
   defining Unicode char U+04D1 (decimal 1233)
   defining Unicode char U+04D2 (decimal 1234)
   defining Unicode char U+04D3 (decimal 1235)
   defining Unicode char U+04D4 (decimal 1236)
   defining Unicode char U+04D5 (decimal 1237)
   defining Unicode char U+04D6 (decimal 1238)
   defining Unicode char U+04D7 (decimal 1239)
   defining Unicode char U+04D8 (decimal 1240)
   defining Unicode char U+04D9 (decimal 1241)
   defining Unicode char U+04DA (decimal 1242)
   defining Unicode char U+04DB (decimal 1243)
   defining Unicode char U+04DC (decimal 1244)
   defining Unicode char U+04DD (decimal 1245)
   defining Unicode char U+04DE (decimal 1246)
   defining Unicode char U+04DF (decimal 1247)
   defining Unicode char U+04E2 (decimal 1250)
   defining Unicode char U+04E3 (decimal 1251)
   defining Unicode char U+04E4 (decimal 1252)
   defining Unicode char U+04E5 (decimal 1253)
   defining Unicode char U+04E6 (decimal 1254)
   defining Unicode char U+04E7 (decimal 1255)
   defining Unicode char U+04E8 (decimal 1256)
   defining Unicode char U+04E9 (decimal 1257)
   defining Unicode char U+04EC (decimal 1260)
   defining Unicode char U+04ED (decimal 1261)
   defining Unicode char U+04EE (decimal 1262)
   defining Unicode char U+04EF (decimal 1263)
   defining Unicode char U+04F0 (decimal 1264)
   defining Unicode char U+04F1 (decimal 1265)
   defining Unicode char U+04F2 (decimal 1266)
   defining Unicode char U+04F3 (decimal 1267)
   defining Unicode char U+04F4 (decimal 1268)
   defining Unicode char U+04F5 (decimal 1269)
   defining Unicode char U+04F8 (decimal 1272)
   defining Unicode char U+04F9 (decimal 1273)
   defining Unicode char U+200C (decimal 8204)
   defining Unicode char U+2013 (decimal 8211)
   defining Unicode char U+2014 (decimal 8212)
   defining Unicode char U+2018 (decimal 8216)
   defining Unicode char U+2019 (decimal 8217)
   defining Unicode char U+201C (decimal 8220)
   defining Unicode char U+201D (decimal 8221)
   defining Unicode char U+201E (decimal 8222)
   defining Unicode char U+2030 (decimal 8240)
   defining Unicode char U+2031 (decimal 8241)
   defining Unicode char U+2116 (decimal 8470)
   defining Unicode char U+2329 (decimal 9001)
   defining Unicode char U+232A (decimal 9002)
   defining Unicode char U+2423 (decimal 9251)
   defining Unicode char U+27E8 (decimal 10216)
   defining Unicode char U+27E9 (decimal 10217)
   defining Unicode char U+FB00 (decimal 64256)
   defining Unicode char U+FB01 (decimal 64257)
   defining Unicode char U+FB02 (decimal 64258)
   defining Unicode char U+FB03 (decimal 64259)
   defining Unicode char U+FB04 (decimal 64260)
   defining Unicode char U+FB05 (decimal 64261)
   defining Unicode char U+FB06 (decimal 64262)
))
LaTeX Font Info:    Trying to load font information for T2A+cmr on input line 1
12.

(c:/texlive/2021/texmf-dist/tex/latex/cyrillic/t2acmr.fd
File: t2acmr.fd 2001/08/11 v1.0a Computer Modern Cyrillic font definitions
)<<t2a.cmap>>)
(c:/texlive/2021/texmf-dist/tex/latex/base/inputenc.sty
Package: inputenc 2021/02/14 v1.3d Input encoding file
\inpenc@prehook=\toks32
\inpenc@posthook=\toks33
)
(c:/texlive/2021/texmf-dist/tex/generic/ulem/ulem.sty
\UL@box=\box55
\UL@hyphenbox=\box56
\UL@skip=\skip55
\UL@hook=\toks34
\UL@height=\dimen152
\UL@pe=\count274
\UL@pixel=\dimen153
\ULC@box=\box57
Package: ulem 2019/11/18
\ULdepth=\dimen154
)
(c:/texlive/2021/texmf-dist/tex/latex/geometry/geometry.sty
Package: geometry 2020/01/02 v5.9 Page Geometry

(c:/texlive/2021/texmf-dist/tex/generic/iftex/ifvtex.sty
Package: ifvtex 2019/10/25 v1.7 ifvtex legacy package. Use iftex instead.

(c:/texlive/2021/texmf-dist/tex/generic/iftex/iftex.sty
Package: iftex 2022/02/03 v1.0f TeX engine tests
))
\Gm@cnth=\count275
\Gm@cntv=\count276
\c@Gm@tempcnt=\count277
\Gm@bindingoffset=\dimen155
\Gm@wd@mp=\dimen156
\Gm@odd@mp=\dimen157
\Gm@even@mp=\dimen158
\Gm@layoutwidth=\dimen159
\Gm@layoutheight=\dimen160
\Gm@layouthoffset=\dimen161
\Gm@layoutvoffset=\dimen162
\Gm@dimlist=\toks35
)
(c:/texlive/2021/texmf-dist/tex/generic/babel/babel.sty
Package: babel 2022/02/26 3.73 The Babel package
\babel@savecnt=\count278
\U@D=\dimen163
\l@unhyphenated=\language87

(c:/texlive/2021/texmf-dist/tex/generic/babel/txtbabel.def)
\bbl@readstream=\read2
\bbl@dirlevel=\count279

(c:/texlive/2021/texmf-dist/tex/generic/babel-english/english.ldf
Language: english 2017/06/06 v3.3r English support from the babel system
Package babel Info: Hyphen rules for 'canadian' set to \l@english
(babel)             (\language0). Reported on input line 102.
Package babel Info: Hyphen rules for 'australian' set to \l@ukenglish
(babel)             (\language21). Reported on input line 105.
Package babel Info: Hyphen rules for 'newzealand' set to \l@ukenglish
(babel)             (\language21). Reported on input line 108.
)
(c:/texlive/2021/texmf-dist/tex/generic/babel-russian/russianb.ldf
File: russianb.ldf 2021/01/10 1.3m Russian support for the Babel system
Language: russian 2020/09/09 1.3k Russian support for the Babel system
Package babel Info: Making " an active character on input line 124.
Package babel Info: Default for \cyrdash is provided on input line 163.
))
(c:/texlive/2021/texmf-dist/tex/latex/hyperref/hyperref.sty
Package: hyperref 2022-02-21 v7.00n Hypertext links for LaTeX

(c:/texlive/2021/texmf-dist/tex/generic/ltxcmds/ltxcmds.sty
Package: ltxcmds 2020-05-10 v1.25 LaTeX kernel commands for general use (HO)
)
(c:/texlive/2021/texmf-dist/tex/generic/pdftexcmds/pdftexcmds.sty
Package: pdftexcmds 2020-06-27 v0.33 Utility functions of pdfTeX for LuaTeX (HO
)

(c:/texlive/2021/texmf-dist/tex/generic/infwarerr/infwarerr.sty
Package: infwarerr 2019/12/03 v1.5 Providing info/warning/error messages (HO)
)
Package pdftexcmds Info: \pdf@primitive is available.
Package pdftexcmds Info: \pdf@ifprimitive is available.
Package pdftexcmds Info: \pdfdraftmode found.
)
(c:/texlive/2021/texmf-dist/tex/generic/kvsetkeys/kvsetkeys.sty
Package: kvsetkeys 2019/12/15 v1.18 Key value parser (HO)
)
(c:/texlive/2021/texmf-dist/tex/generic/kvdefinekeys/kvdefinekeys.sty
Package: kvdefinekeys 2019-12-19 v1.6 Define keys (HO)
)
(c:/texlive/2021/texmf-dist/tex/generic/pdfescape/pdfescape.sty
Package: pdfescape 2019/12/09 v1.15 Implements pdfTeX's escape features (HO)
)
(c:/texlive/2021/texmf-dist/tex/latex/hycolor/hycolor.sty
Package: hycolor 2020-01-27 v1.10 Color options for hyperref/bookmark (HO)
)
(c:/texlive/2021/texmf-dist/tex/latex/letltxmacro/letltxmacro.sty
Package: letltxmacro 2019/12/03 v1.6 Let assignment for LaTeX macros (HO)
)
(c:/texlive/2021/texmf-dist/tex/latex/auxhook/auxhook.sty
Package: auxhook 2019-12-17 v1.6 Hooks for auxiliary files (HO)
)
(c:/texlive/2021/texmf-dist/tex/latex/kvoptions/kvoptions.sty
Package: kvoptions 2020-10-07 v3.14 Key value format for package options (HO)
)
\@linkdim=\dimen164
\Hy@linkcounter=\count280
\Hy@pagecounter=\count281

(c:/texlive/2021/texmf-dist/tex/latex/hyperref/pd1enc.def
File: pd1enc.def 2022-02-21 v7.00n Hyperref: PDFDocEncoding definition (HO)
Now handling font encoding PD1 ...
... no UTF-8 mapping file for font encoding PD1
)
(c:/texlive/2021/texmf-dist/tex/generic/intcalc/intcalc.sty
Package: intcalc 2019/12/15 v1.3 Expandable calculations with integers (HO)
)
(c:/texlive/2021/texmf-dist/tex/generic/etexcmds/etexcmds.sty
Package: etexcmds 2019/12/15 v1.7 Avoid name clashes with e-TeX commands (HO)
)
\Hy@SavedSpaceFactor=\count282

(c:/texlive/2021/texmf-dist/tex/latex/hyperref/puenc.def
File: puenc.def 2022-02-21 v7.00n Hyperref: PDF Unicode definition (HO)
Now handling font encoding PU ...
... no UTF-8 mapping file for font encoding PU
)
Package hyperref Info: Option `unicode' set `true' on input line 3128.
Package hyperref Info: Option `unicode' set `true' on input line 4018.
Package hyperref Info: Hyper figures OFF on input line 4137.
Package hyperref Info: Link nesting OFF on input line 4142.
Package hyperref Info: Hyper index ON on input line 4145.
Package hyperref Info: Plain pages OFF on input line 4152.
Package hyperref Info: Backreferencing OFF on input line 4157.
Package hyperref Info: Implicit mode ON; LaTeX internals redefined.
Package hyperref Info: Bookmarks ON on input line 4390.
\c@Hy@tempcnt=\count283

(c:/texlive/2021/texmf-dist/tex/latex/url/url.sty
\Urlmuskip=\muskip17
Package: url 2013/09/16  ver 3.4  Verb mode for urls, etc.
)
LaTeX Info: Redefining \url on input line 4749.
\XeTeXLinkMargin=\dimen165

(c:/texlive/2021/texmf-dist/tex/generic/bitset/bitset.sty
Package: bitset 2019/12/09 v1.3 Handle bit-vector datatype (HO)

(c:/texlive/2021/texmf-dist/tex/generic/bigintcalc/bigintcalc.sty
Package: bigintcalc 2019/12/15 v1.5 Expandable calculations on big integers (HO
)
))
\Fld@menulength=\count284
\Field@Width=\dimen166
\Fld@charsize=\dimen167
Package hyperref Info: Hyper figures OFF on input line 6027.
Package hyperref Info: Link nesting OFF on input line 6032.
Package hyperref Info: Hyper index ON on input line 6035.
Package hyperref Info: backreferencing OFF on input line 6042.
Package hyperref Info: Link coloring OFF on input line 6047.
Package hyperref Info: Link coloring with OCG OFF on input line 6052.
Package hyperref Info: PDF/A mode OFF on input line 6057.
LaTeX Info: Redefining \ref on input line 6097.
LaTeX Info: Redefining \pageref on input line 6101.

(c:/texlive/2021/texmf-dist/tex/latex/base/atbegshi-ltx.sty
Package: atbegshi-ltx 2021/01/10 v1.0c Emulation of the original atbegshi
package with kernel methods
)
\Hy@abspage=\count285
\c@Item=\count286
\c@Hfootnote=\count287
)
Package hyperref Info: Driver (autodetected): hpdftex.

(c:/texlive/2021/texmf-dist/tex/latex/hyperref/hpdftex.def
File: hpdftex.def 2022-02-21 v7.00n Hyperref driver for pdfTeX

(c:/texlive/2021/texmf-dist/tex/latex/base/atveryend-ltx.sty
Package: atveryend-ltx 2020/08/19 v1.0a Emulation of the original atveryend pac
kage
with kernel methods
)
\Fld@listcount=\count288
\c@bookmark@seq@number=\count289

(c:/texlive/2021/texmf-dist/tex/latex/rerunfilecheck/rerunfilecheck.sty
Package: rerunfilecheck 2019/12/05 v1.9 Rerun checks for auxiliary files (HO)

(c:/texlive/2021/texmf-dist/tex/generic/uniquecounter/uniquecounter.sty
Package: uniquecounter 2019/12/15 v1.4 Provide unlimited unique counter (HO)
)
Package uniquecounter Info: New unique counter `rerunfilecheck' on input line 2
86.
)
\Hy@SectionHShift=\skip56
)
(c:/texlive/2021/texmf-dist/tex/latex/base/textcomp.sty
Package: textcomp 2020/02/02 v2.0n Standard LaTeX package
)
(c:/texlive/2021/texmf-dist/tex/latex/l3backend/l3backend-pdftex.def
File: l3backend-pdftex.def 2022-02-07 L3 backend support: PDF output (pdfTeX)
\l__color_backend_stack_int=\count290
\l__pdf_internal_box=\box58
)
(./komr_1_sem.aux

LaTeX Warning: Label `ris:image' multiply defined.


LaTeX Warning: Label `ris:image' multiply defined.


LaTeX Warning: Label `fig:mpr' multiply defined.


LaTeX Warning: Label `fig:mpr' multiply defined.


LaTeX Warning: Label `ris:image' multiply defined.


LaTeX Warning: Label `ris:image' multiply defined.

)
\openout1 = `komr_1_sem.aux'.

LaTeX Font Info:    Checking defaults for OML/cmm/m/it on input line 26.
LaTeX Font Info:    ... okay on input line 26.
LaTeX Font Info:    Checking defaults for OMS/cmsy/m/n on input line 26.
LaTeX Font Info:    ... okay on input line 26.
LaTeX Font Info:    Checking defaults for OT1/cmr/m/n on input line 26.
LaTeX Font Info:    ... okay on input line 26.
LaTeX Font Info:    Checking defaults for T1/cmr/m/n on input line 26.
LaTeX Font Info:    ... okay on input line 26.
LaTeX Font Info:    Checking defaults for TS1/cmr/m/n on input line 26.
LaTeX Font Info:    ... okay on input line 26.
LaTeX Font Info:    Checking defaults for OMX/cmex/m/n on input line 26.
LaTeX Font Info:    ... okay on input line 26.
LaTeX Font Info:    Checking defaults for U/cmr/m/n on input line 26.
LaTeX Font Info:    ... okay on input line 26.
LaTeX Font Info:    Checking defaults for T2A/cmr/m/n on input line 26.
LaTeX Font Info:    ... okay on input line 26.
LaTeX Font Info:    Checking defaults for PD1/pdf/m/n on input line 26.
LaTeX Font Info:    ... okay on input line 26.
LaTeX Font Info:    Checking defaults for PU/pdf/m/n on input line 26.
LaTeX Font Info:    ... okay on input line 26.
 (c:/texlive/2021/texmf-dist/tex/context/base/mkii/supp-pdf.mkii
[Loading MPS to PDF converter (version 2006.09.02).]
\scratchcounter=\count291
\scratchdimen=\dimen168
\scratchbox=\box59
\nofMPsegments=\count292
\nofMParguments=\count293
\everyMPshowfont=\toks36
\MPscratchCnt=\count294
\MPscratchDim=\dimen169
\MPnumerator=\count295
\makeMPintoPDFobject=\count296
\everyMPtoPDFconversion=\toks37
) (c:/texlive/2021/texmf-dist/tex/latex/epstopdf-pkg/epstopdf-base.sty
Package: epstopdf-base 2020-01-24 v2.11 Base part for package epstopdf
Package epstopdf-base Info: Redefining graphics rule for `.eps' on input line 4
85.

(c:/texlive/2021/texmf-dist/tex/latex/latexconfig/epstopdf-sys.cfg
File: epstopdf-sys.cfg 2010/07/13 v1.3 Configuration of (r)epstopdf for TeX Liv
e
))
*geometry* driver: auto-detecting
*geometry* detected driver: pdftex
*geometry* verbose mode - [ preamble ] result:
* driver: pdftex
* paper: a4paper
* layout: <same size as paper>
* layoutoffset:(h,v)=(0.0pt,0.0pt)
* modes: 
* h-part:(L,W,R)=(56.9055pt, 483.69687pt, 56.9055pt)
* v-part:(T,H,B)=(56.9055pt, 731.23584pt, 56.9055pt)
* \paperwidth=597.50787pt
* \paperheight=845.04684pt
* \textwidth=483.69687pt
* \textheight=731.23584pt
* \oddsidemargin=-15.36449pt
* \evensidemargin=-15.36449pt
* \topmargin=-52.36449pt
* \headheight=12.0pt
* \headsep=25.0pt
* \topskip=12.0pt
* \footskip=30.0pt
* \marginparwidth=35.0pt
* \marginparsep=10.0pt
* \columnsep=10.0pt
* \skip\footins=10.8pt plus 4.0pt minus 2.0pt
* \hoffset=0.0pt
* \voffset=0.0pt
* \mag=1000
* \@twocolumnfalse
* \@twosidefalse
* \@mparswitchfalse
* \@reversemarginfalse
* (1in=72.27pt=25.4mm, 1cm=28.453pt)

LaTeX Info: Redefining \th on input line 26.
Package hyperref Info: Link coloring OFF on input line 26.
(c:/texlive/2021/texmf-dist/tex/latex/hyperref/nameref.sty
Package: nameref 2021-04-02 v2.47 Cross-referencing by name of section

(c:/texlive/2021/texmf-dist/tex/latex/refcount/refcount.sty
Package: refcount 2019/12/15 v3.6 Data extraction from label references (HO)
)
(c:/texlive/2021/texmf-dist/tex/generic/gettitlestring/gettitlestring.sty
Package: gettitlestring 2019/12/15 v1.6 Cleanup title references (HO)
)
\c@section@level=\count297
)
LaTeX Info: Redefining \ref on input line 26.
LaTeX Info: Redefining \pageref on input line 26.
LaTeX Info: Redefining \nameref on input line 26.

(./komr_1_sem.out) (./komr_1_sem.out)
\@outlinefile=\write3
\openout3 = `komr_1_sem.out'.

<<ot1.cmap>><<oml.cmap>><<oms.cmap>><<omx.cmap>>
LaTeX Font Info:    Trying to load font information for U+msa on input line 28.

 (c:/texlive/2021/texmf-dist/tex/latex/amsfonts/umsa.fd
File: umsa.fd 2013/01/14 v3.01 AMS symbols A
)
LaTeX Font Info:    Trying to load font information for U+msb on input line 28.


(c:/texlive/2021/texmf-dist/tex/latex/amsfonts/umsb.fd
File: umsb.fd 2013/01/14 v3.01 AMS symbols B
)

LaTeX Warning: No \author given.

[1

{c:/texlive/2021/texmf-var/fonts/map/pdftex/updmap/pdftex.map}]
(./komr_1_sem.toc)
\tf@toc=\write4
\openout4 = `komr_1_sem.toc'.

pdfTeX warning (ext4): destination with the same identifier (name{page.1}) has 
been already used, duplicate ignored
<to be read again> 
                   \relax 
l.31 	\part
           {РђРЅР°Р»РёС‚РёС‡РµСЃРєР°СЏ РіРµРѕРјРµС‚СЂРёСЏ} [1

] [2

]
{\cyrillictext \CYRG \cyrl \cyra \cyrv \cyra } 1.

Underfull \hbox (badness 10000) in paragraph at lines 38--46

 []


Underfull \hbox (badness 10000) in paragraph at lines 38--46

 []


Underfull \hbox (badness 10000) in paragraph at lines 38--46

 []


Underfull \hbox (badness 10000) in paragraph at lines 38--46

 []


Underfull \hbox (badness 10000) in paragraph at lines 58--60

 []

[3

]
Overfull \hbox (41.40717pt too wide) in paragraph at lines 63--70
\T2A/cmr/m/n/12 Пусть П --- про-из-воль-ная плос-кость, $\OML/cmm/m/it/12 n$ \T
2A/cmr/m/n/12 --- еди-нич-ный век-тор и име-ет ко-ор-ди-на-ты $\OML/cmm/m/it/12
 n\OT1/cmr/m/n/12 (\OML/cmm/m/it/12 cos; cos^^L; cos^^M\OT1/cmr/m/n/12 )$\T2A/
cmr/m/n/12 ,
 []


Underfull \hbox (badness 10000) in paragraph at lines 63--70

 []


Underfull \hbox (badness 10000) in paragraph at lines 63--70

 []


Overfull \hbox (5.32pt too wide) in paragraph at lines 63--70
\OMS/cmsy/m/n/12 ^^O$ \T2A/cmr/bx/it/12 От-кло-не-ни-ем $\OML/cmm/m/it/12 ^^N\O
T1/cmr/m/n/12 (\OML/cmm/m/it/12 M;$\T2A/cmr/m/it/12 П$\OT1/cmr/m/n/12 )$ \T2A/c
mr/m/it/12 на-зы-ва-ет-ся чис-ло, рав-ное $\OML/cmm/m/it/12 ^^N\OT1/cmr/m/n/12 
(\OML/cmm/m/it/12 M; []\OT1/cmr/m/n/12 ) = [] \OMS/cmsy/m/n/12 )
 []


Underfull \hbox (badness 10000) in paragraph at lines 63--70

 []


Underfull \hbox (badness 10000) in paragraph at lines 75--77

 []


Underfull \hbox (badness 10000) in paragraph at lines 80--85

 []


Underfull \hbox (badness 10000) in paragraph at lines 80--85

 []


Underfull \hbox (badness 10000) in paragraph at lines 80--85

 []


Overfull \hbox (11.53378pt too wide) in paragraph at lines 92--104
$[] \OMS/cmsy/m/n/12 ) [] ^^@ ^^@ ^^@  [] $ 
 []


Underfull \hbox (badness 10000) in paragraph at lines 92--104

 []


Underfull \hbox (badness 10000) in paragraph at lines 92--104

 []

[4]
Underfull \hbox (badness 10000) in paragraph at lines 108--110

 []


Overfull \hbox (25.8737pt too wide) in paragraph at lines 115--115
$[]\OT1/cmr/m/n/12 ^^A$ \T2A/cmr/m/n/12 --- $[]\OML/cmm/m/it/12 ; M[]\OT1/cmr/m
/n/12 (\OML/cmm/m/it/12 x[]; y[]; z[]\OT1/cmr/m/n/12 )\OML/cmm/m/it/12 ; M\OT1/
cmr/m/n/12 (\OML/cmm/m/it/12 x; y; z\OT1/cmr/m/n/12 )$ \T2A/cmr/m/n/12 --- $[]\
OML/cmm/m/it/12 M[] \OMS/cmsy/m/n/12 2 \OT1/cmr/m/n/12 ^^A\OML/cmm/m/it/12 ; a\
OT1/cmr/m/n/12 (\OML/cmm/m/it/12 a[]; a[]; a[]\OT1/cmr/m/n/12 ) \OMS/cmsy/m/n/1
2 ^^@
 []

<РџСЂСЏРјР°СЏ РІ РїСЂРѕСЃС‚СЂР°РЅСЃС‚РІРµ.PNG, id=173, 394.47375pt x 192.72pt>
File: РџСЂСЏРјР°СЏ РІ РїСЂРѕСЃС‚СЂР°РЅСЃС‚РІРµ.PNG Graphic file (type png)
<use РџСЂСЏРјР°СЏ РІ РїСЂРѕСЃС‚СЂР°РЅСЃС‚РІРµ.PNG>
Package pdftex.def Info: РџСЂСЏРјР°СЏ РІ РїСЂРѕСЃС‚СЂР°РЅСЃС‚РІРµ.PNG  used on 
input line 118.
(pdftex.def)             Requested size: 193.47578pt x 94.52184pt.

Overfull \hbox (40.97926pt too wide) detected at line 141
[] \OMS/cmsy/m/n/12 ^^@ []
 []

[5 <./РџСЂСЏРјР°СЏ РІ РїСЂРѕСЃС‚СЂР°РЅСЃС‚РІРµ.PNG>]
Overfull \hbox (18.8022pt too wide) in paragraph at lines 156--165
\T2A/cmr/m/n/12 плос-ко-стей --- по-лу-чен-ный век-тор бу-дет па-рал-ле-лен пря
-мой. Для пер-вой плос-ко-сти $\OML/cmm/m/it/12 n[]\OT1/cmr/m/n/12 (2\OML/cmm/m
/it/12 ; \OMS/cmsy/m/n/12 ^^@\OT1/cmr/m/n/12 3\OML/cmm/m/it/12 ; \OT1/cmr/m/n/1
2 2)$\T2A/cmr/m/n/12 ,
 []

[6] [7]
{\cyrillictext \CYRG \cyrl \cyra \cyrv \cyra } 2.
<Р­Р»Р»РёРїСЃ_1.PNG, id=198, 403.5075pt x 289.68225pt>
File: Р­Р»Р»РёРїСЃ_1.PNG Graphic file (type png)
<use Р­Р»Р»РёРїСЃ_1.PNG>
Package pdftex.def Info: Р­Р»Р»РёРїСЃ_1.PNG  used on input line 209.
(pdftex.def)             Requested size: 241.84843pt x 173.62503pt.

Underfull \hbox (badness 10000) in paragraph at lines 207--211

 []


Underfull \hbox (badness 1014) in paragraph at lines 211--217
\T2A/cmr/m/n/12 ра-вен-ства и воз-ве-дјм всј в квад-рат. В
 []


Underfull \hbox (badness 1852) in paragraph at lines 211--217
\T2A/cmr/m/n/12 ито-ге по-лу-чим: $\OML/cmm/m/it/12 x[] \OT1/cmr/m/n/12 + \OML/
cmm/m/it/12 c[] \OT1/cmr/m/n/12 + 2\OML/cmm/m/it/12 xc \OT1/cmr/m/n/12 + \OML/c
mm/m/it/12 y[] \OT1/cmr/m/n/12 =
 []


Underfull \hbox (badness 2951) in paragraph at lines 211--217
\OT1/cmr/m/n/12 4\OML/cmm/m/it/12 a[] \OMS/cmsy/m/n/12 ^^@ \OT1/cmr/m/n/12 4\OM
L/cmm/m/it/12 xc$\T2A/cmr/m/n/12 . По-де-лим на 4 и по-лу-чим:
 []


Underfull \hbox (badness 3219) in paragraph at lines 211--217
\T2A/cmr/m/n/12 Снова обе ча-сти воз-во-дим в квад-рат:
 []

<Р­Р»Р»РёРїСЃ_2.PNG, id=199, 415.5525pt x 292.6935pt>
File: Р­Р»Р»РёРїСЃ_2.PNG Graphic file (type png)
<use Р­Р»Р»РёРїСЃ_2.PNG>
Package pdftex.def Info: Р­Р»Р»РёРїСЃ_2.PNG  used on input line 228.
(pdftex.def)             Requested size: 241.84843pt x 170.34294pt.

Underfull \hbox (badness 10000) in paragraph at lines 217--230

 []


Overfull \hbox (40.7824pt too wide) in paragraph at lines 217--230
\T2A/cmr/m/n/12 Мы по-ка-за-ли, что лю-бая точ-ка, удо-вле-тво-ря-ю-щая урав-не
-нию $\OT1/cmr/m/n/12 2\OML/cmm/m/it/12 a \OT1/cmr/m/n/12 = [] + []$\T2A/cmr/m/
n/12 ,
 []


Underfull \hbox (badness 10000) in paragraph at lines 217--230

 []


Overfull \hbox (9.02122pt too wide) in paragraph at lines 217--230
\OT1/cmr/m/n/12 [\OML/cmm/m/it/12 b[] \OT1/cmr/m/n/12 = \OML/cmm/m/it/12 a[] \O
MS/cmsy/m/n/12 ^^@ \OML/cmm/m/it/12 c[]\OT1/cmr/m/n/12 ] = [] = [] = [] =
 []


Underfull \hbox (badness 10000) in paragraph at lines 217--230

 []


Underfull \hbox (badness 10000) in paragraph at lines 217--230

 []


Underfull \hbox (badness 10000) in paragraph at lines 217--230

 []


Underfull \hbox (badness 10000) in paragraph at lines 217--230

 []


Underfull \hbox (badness 10000) in paragraph at lines 217--230

 []


Underfull \hbox (badness 10000) in paragraph at lines 217--230

 []

[8

 <./Р­Р»Р»РёРїСЃ_1.PNG>]
Underfull \hbox (badness 1270) in paragraph at lines 230--232
[]\T2A/cmr/m/n/12 Рассмотрим ка-но-ни-че-ское урав-не-ние эл-
 []


Overfull \hbox (39.40834pt too wide) in paragraph at lines 233--238
\T2A/cmr/m/n/12 лип-су, то и точ-ки $\OML/cmm/m/it/12 M[]\OT1/cmr/m/n/12 (\OMS/
cmsy/m/n/12 ^^@\OML/cmm/m/it/12 x; y\OT1/cmr/m/n/12 )\OML/cmm/m/it/12 ; M[]\OT1
/cmr/m/n/12 (\OML/cmm/m/it/12 x; \OMS/cmsy/m/n/12 ^^@\OML/cmm/m/it/12 y\OT1/cmr
/m/n/12 )\OML/cmm/m/it/12 ; M[]\OT1/cmr/m/n/12 (\OMS/cmsy/m/n/12 ^^@\OML/cmm/m/
it/12 x; \OMS/cmsy/m/n/12 ^^@\OML/cmm/m/it/12 y\OT1/cmr/m/n/12 )$
 []


Underfull \hbox (badness 4205) in paragraph at lines 233--238
\T2A/cmr/m/n/12 Прямая, про-хо-дя-щая че-рез фо-ку-сы ---
 []


Underfull \hbox (badness 10000) in paragraph at lines 233--238

 []


Underfull \hbox (badness 10000) in paragraph at lines 233--238

 []


Underfull \hbox (badness 10000) in paragraph at lines 233--238

 []


Overfull \hbox (6.3781pt too wide) in paragraph at lines 233--238
\T2A/cmr/m/n/12 Возьмјм вто-рую про-из-вод-ную: $\OML/cmm/m/it/12 y[] \OT1/cmr/
m/n/12 = \OMS/cmsy/m/n/12 ^^@[]\OT1/cmr/m/n/12 ([] + 2\OML/cmm/m/it/12 x\OT1/cm
r/m/n/12 (\OMS/cmsy/m/n/12 ^^@\OT1/cmr/m/n/12 1)[][]) = \OMS/cmsy/m/n/12 ^^@[][
] \OT1/cmr/m/n/12 =
 []


Underfull \hbox (badness 10000) in paragraph at lines 233--238

 []


Underfull \hbox (badness 10000) in paragraph at lines 238--241

 []

[9 <./Р­Р»Р»РёРїСЃ_2.PNG>]
<Р­Р»Р»РёРїСЃ_3.PNG, id=210, 423.984pt x 301.125pt>
File: Р­Р»Р»РёРїСЃ_3.PNG Graphic file (type png)
<use Р­Р»Р»РёРїСЃ_3.PNG>
Package pdftex.def Info: Р­Р»Р»РёРїСЃ_3.PNG  used on input line 242.
(pdftex.def)             Requested size: 241.84843pt x 171.77168pt.
<Р“РёРїРµСЂР±РѕР»Р°_1.PNG, id=211, 415.5525pt x 283.65974pt>
File: Р“РёРїРµСЂР±РѕР»Р°_1.PNG Graphic file (type png)
<use Р“РёРїРµСЂР±РѕР»Р°_1.PNG>
Package pdftex.def Info: Р“РёРїРµСЂР±РѕР»Р°_1.PNG  used on input line 253.
(pdftex.def)             Requested size: 241.84843pt x 165.08543pt.

Underfull \hbox (badness 10000) in paragraph at lines 256--262

 []


Overfull \hbox (12.94931pt too wide) in paragraph at lines 256--262
\T2A/cmr/m/n/12 Рассмотрим упо-мя-ну-тые рас-сто-я-ния: $[] \OT1/cmr/m/n/12 =
 []


Underfull \hbox (badness 3000) in paragraph at lines 256--262
[]\OT1/cmr/m/n/12 ; [] = []$\T2A/cmr/m/n/12 .
 []


Underfull \hbox (badness 10000) in paragraph at lines 256--262

 []


Underfull \hbox (badness 10000) in paragraph at lines 256--262

 []


Underfull \hbox (badness 4940) in paragraph at lines 262--265
\T2A/cmr/m/n/12 Из ка-но-ни-че-ско-го урав-не-ния $\OML/cmm/m/it/12 y[] \OT1/cm
r/m/n/12 = ([] \OMS/cmsy/m/n/12 ^^@ \OT1/cmr/m/n/12 1)\OML/cmm/m/it/12 b[]$\T2A
/cmr/m/n/12 . $[] \OT1/cmr/m/n/12 = [] =
 []


Underfull \hbox (badness 10000) in paragraph at lines 262--265

 []

[10 <./Р­Р»Р»РёРїСЃ_3.PNG> <./Р“РёРїРµСЂР±РѕР»Р°_1.PNG>]

LaTeX Warning: Command \cyri invalid in math mode on input line 270.

Missing character: There is no и in font cmr12!
<Р“РёРїРµСЂР±РѕР»Р°_2.PNG, id=218, 416.757pt x 278.84175pt>
File: Р“РёРїРµСЂР±РѕР»Р°_2.PNG Graphic file (type png)
<use Р“РёРїРµСЂР±РѕР»Р°_2.PNG>
Package pdftex.def Info: Р“РёРїРµСЂР±РѕР»Р°_2.PNG  used on input line 278.
(pdftex.def)             Requested size: 241.84843pt x 161.8134pt.
<Р“РёРїРµСЂР±РѕР»Р°_3.PNG, id=219, 392.06474pt x 261.97874pt>
File: Р“РёРїРµСЂР±РѕР»Р°_3.PNG Graphic file (type png)
<use Р“РёРїРµСЂР±РѕР»Р°_3.PNG>
Package pdftex.def Info: Р“РёРїРµСЂР±РѕР»Р°_3.PNG  used on input line 286.
(pdftex.def)             Requested size: 241.84843pt x 161.60165pt.

Underfull \hbox (badness 10000) in paragraph at lines 269--290

 []


Underfull \hbox (badness 10000) in paragraph at lines 269--290

 []


Underfull \hbox (badness 10000) in paragraph at lines 269--290

 []


Underfull \hbox (badness 10000) in paragraph at lines 269--290

 []


Underfull \hbox (badness 10000) in paragraph at lines 269--290

 []

[11 <./Р“РёРїРµСЂР±РѕР»Р°_2.PNG>]
<Р“РёРїРµСЂР±РѕР»Р°_4.PNG, id=227, 402.90524pt x 278.2395pt>
File: Р“РёРїРµСЂР±РѕР»Р°_4.PNG Graphic file (type png)
<use Р“РёРїРµСЂР±РѕР»Р°_4.PNG>
Package pdftex.def Info: Р“РёРїРµСЂР±РѕР»Р°_4.PNG  used on input line 293.
(pdftex.def)             Requested size: 241.84843pt x 167.0214pt.

Underfull \hbox (badness 10000) in paragraph at lines 303--309

 []


Underfull \hbox (badness 10000) in paragraph at lines 303--309

 []

[12 <./Р“РёРїРµСЂР±РѕР»Р°_3.PNG> <./Р“РёРїРµСЂР±РѕР»Р°_4.PNG>]
<Р­РєСЃС†РµРЅС‚СЂРёСЃРёС‚РµС‚_1.PNG, id=235, 701.62125pt x 242.70676pt>
File: Р­РєСЃС†РµРЅС‚СЂРёСЃРёС‚РµС‚_1.PNG Graphic file (type png)
<use Р­РєСЃС†РµРЅС‚СЂРёСЃРёС‚РµС‚_1.PNG>
Package pdftex.def Info: Р­РєСЃС†РµРЅС‚СЂРёСЃРёС‚РµС‚_1.PNG  used on input line
 310.
(pdftex.def)             Requested size: 483.69687pt x 167.3271pt.
<Р­РєСЃС†РµРЅС‚СЂРёСЃРёС‚РµС‚_2.PNG, id=236, 693.792pt x 261.97874pt>
File: Р­РєСЃС†РµРЅС‚СЂРёСЃРёС‚РµС‚_2.PNG Graphic file (type png)
<use Р­РєСЃС†РµРЅС‚СЂРёСЃРёС‚РµС‚_2.PNG>
Package pdftex.def Info: Р­РєСЃС†РµРЅС‚СЂРёСЃРёС‚РµС‚_2.PNG  used on input line
 314.
(pdftex.def)             Requested size: 483.69687pt x 182.64433pt.

Underfull \hbox (badness 10000) in paragraph at lines 316--318

 []


Overfull \hbox (34.74245pt too wide) in paragraph at lines 318--319
\T2A/cmr/bx/n/12 Теорема (ос-нов-ное свой-ство ди-рек-трис). \T2A/cmr/m/it/12 П
усть $\OML/cmm/m/it/12 M\OT1/cmr/m/n/12 (\OML/cmm/m/it/12 x; y\OT1/cmr/m/n/12 )
$ \T2A/cmr/m/it/12 --- лю-бая точ-ка эл-лип-са/гиперболы.
 []


Underfull \hbox (badness 10000) in paragraph at lines 320--325

 []


Underfull \hbox (badness 10000) in paragraph at lines 320--325

 []

<РџР°СЂР°Р±РѕР»Р°_1.PNG, id=237, 310.15875pt x 225.2415pt>
File: РџР°СЂР°Р±РѕР»Р°_1.PNG Graphic file (type png)
<use РџР°СЂР°Р±РѕР»Р°_1.PNG>
Package pdftex.def Info: РџР°СЂР°Р±РѕР»Р°_1.PNG  used on input line 333.
(pdftex.def)             Requested size: 241.84843pt x 175.63266pt.

Underfull \hbox (badness 10000) in paragraph at lines 331--335

 []

[13 <./Р­РєСЃС†РµРЅС‚СЂРёСЃРёС‚РµС‚_1.PNG> <./Р­РєСЃС†РµРЅС‚СЂРёСЃРёС‚РµС‚_2.PN
G>]
Underfull \hbox (badness 10000) in paragraph at lines 335--338

 []


Underfull \hbox (badness 10000) in paragraph at lines 335--338

 []

<РџР°СЂР°Р±РѕР»Р°_2.PNG, id=244, 616.10175pt x 440.24475pt>
File: РџР°СЂР°Р±РѕР»Р°_2.PNG Graphic file (type png)
<use РџР°СЂР°Р±РѕР»Р°_2.PNG>
Package pdftex.def Info: РџР°СЂР°Р±РѕР»Р°_2.PNG  used on input line 351.
(pdftex.def)             Requested size: 314.40001pt x 224.6562pt.
<Р›2Рџ_1.PNG, id=245, 467.346pt x 316.18124pt>
File: Р›2Рџ_1.PNG Graphic file (type png)
<use Р›2Рџ_1.PNG>
Package pdftex.def Info: Р›2Рџ_1.PNG  used on input line 363.
(pdftex.def)             Requested size: 241.84843pt x 163.61914pt.

Underfull \hbox (badness 10000) in paragraph at lines 361--365

 []

[14 <./РџР°СЂР°Р±РѕР»Р°_1.PNG> <./РџР°СЂР°Р±РѕР»Р°_2.PNG>]
Overfull \hbox (23.92258pt too wide) in paragraph at lines 371--405
\OML/cmm/m/it/12 A\OT1/cmr/m/n/12 (\OML/cmm/m/it/12 x[]cos' \OMS/cmsy/m/n/12 ^^
@ \OML/cmm/m/it/12 y[]sin'\OT1/cmr/m/n/12 )[] + 2\OML/cmm/m/it/12 B\OT1/cmr/m/n
/12 (\OML/cmm/m/it/12 x[]cos' \OMS/cmsy/m/n/12 ^^@ \OML/cmm/m/it/12 y[]sin'\OT1
/cmr/m/n/12 )(\OML/cmm/m/it/12 x[]sin' \OT1/cmr/m/n/12 +
 []


Underfull \hbox (badness 3724) in paragraph at lines 371--405
\OML/cmm/m/it/12 y[]sin'\OT1/cmr/m/n/12 ) + 2\OML/cmm/m/it/12 E\OT1/cmr/m/n/12 
(\OML/cmm/m/it/12 x[]sin' \OT1/cmr/m/n/12 + \OML/cmm/m/it/12 y[]cos'\OT1/cmr/m/
n/12 ) + \OML/cmm/m/it/12 F \OT1/cmr/m/n/12 =
 []


Underfull \hbox (badness 10000) in paragraph at lines 371--405

 []


Underfull \hbox (badness 10000) in paragraph at lines 406--420

 []


Underfull \hbox (badness 10000) in paragraph at lines 406--420

 []


Underfull \hbox (badness 10000) in paragraph at lines 406--420

 []


Overfull \hbox (25.9312pt too wide) in paragraph at lines 406--420
\T2A/cmr/m/n/12 Сделаем за-ме-ну: $[]$ --- па-ра-мет-ри-че-ский сдвиг ко-ор-ди-
нат-ных  осей. 
 []


Underfull \hbox (badness 10000) in paragraph at lines 406--420

 []


Underfull \hbox (badness 10000) in paragraph at lines 406--420

 []


Underfull \hbox (badness 10000) in paragraph at lines 406--420

 []


Underfull \hbox (badness 10000) in paragraph at lines 406--420

 []

[15 <./Р›2Рџ_1.PNG>] [16] [17]
<Р›2Рџ_2.PNG, id=272, 472.76625pt x 335.45325pt>
File: Р›2Рџ_2.PNG Graphic file (type png)
<use Р›2Рџ_2.PNG>
Package pdftex.def Info: Р›2Рџ_2.PNG  used on input line 531.
(pdftex.def)             Requested size: 378.2135pt x 268.36295pt.
<Р›2Рџ_3.PNG, id=273, 490.83376pt x 423.984pt>
File: Р›2Рџ_3.PNG Graphic file (type png)
<use Р›2Рџ_3.PNG>
Package pdftex.def Info: Р›2Рџ_3.PNG  used on input line 534.
(pdftex.def)             Requested size: 392.66753pt x 339.18764pt.
 [18 <./Р›2Рџ_2.PNG>]
Overfull \hbox (7.85864pt too wide) in paragraph at lines 546--547
\T2A/cmr/bx/n/12 Теорема. \T2A/cmr/m/it/12 Для лю-бой по-верх-но-сти вто-ро-го 
по-ряд-ка су-ще-ству-ет про-странтс-вен-ная ДПСК
 []

[19 <./Р›2Рџ_3.PNG>]
<Рџ2Рџ_1.PNG, id=285, 413.74574pt x 319.79475pt>
File: Рџ2Рџ_1.PNG Graphic file (type png)
<use Рџ2Рџ_1.PNG>
Package pdftex.def Info: Рџ2Рџ_1.PNG  used on input line 583.
(pdftex.def)             Requested size: 483.69687pt x 373.88509pt.
 [20 <./Рџ2Рџ_1.PNG>] [21

]
{\cyrillictext \CYRG \cyrl \cyra \cyrv \cyra } 3.

Underfull \hbox (badness 10000) in paragraph at lines 597--598

 []


Underfull \hbox (badness 10000) in paragraph at lines 598--607

 []


Underfull \hbox (badness 10000) in paragraph at lines 598--607

 []


Underfull \hbox (badness 10000) in paragraph at lines 598--607

 []


Underfull \hbox (badness 10000) in paragraph at lines 598--607

 []


Underfull \hbox (badness 10000) in paragraph at lines 598--607

 []


Underfull \hbox (badness 10000) in paragraph at lines 618--620

 []

[22

]
Underfull \hbox (badness 10000) in paragraph at lines 627--629

 []


Overfull \hbox (35.48094pt too wide) in paragraph at lines 627--629
\T2A/cmr/m/n/12 Введјм де-ле-ние ком-плекс-ных чи-сел: $[] \OT1/cmr/m/n/12 = []
 = [[]] =
 []


Underfull \hbox (badness 10000) in paragraph at lines 627--629

 []


Underfull \hbox (badness 10000) in paragraph at lines 629--636

 []


Underfull \hbox (badness 10000) in paragraph at lines 657--659

 []


Overfull \hbox (8.71692pt too wide) in paragraph at lines 663--677
\T2A/cmr/m/n/12 Тогда $\OT1/cmr/m/n/12 (\OML/cmm/m/it/12 a[] \OT1/cmr/m/n/12 + 
\OML/cmm/m/it/12 b[]i\OT1/cmr/m/n/12 )[] = \OML/cmm/m/it/12 a[] \OT1/cmr/m/n/12
 + 2\OML/cmm/m/it/12 a[]b[]i \OMS/cmsy/m/n/12 ^^@ \OML/cmm/m/it/12 b[] \OT1/cmr
/m/n/12 = \OML/cmm/m/it/12 a \OT1/cmr/m/n/12 + \OML/cmm/m/it/12 bi$\T2A/cmr/m/n
/12 . Сле-до-ва-тель-но, по-лу-ча-ем систему$[] \OMS/cmsy/m/n/12 )
 []

[23] [24]
{\cyrillictext \CYRG \cyrl \cyra \cyrv \cyra } 4.

Underfull \hbox (badness 10000) in paragraph at lines 684--686

 []


Underfull \hbox (badness 10000) in paragraph at lines 684--686

 []


Underfull \hbox (badness 10000) in paragraph at lines 686--691

 []


Underfull \hbox (badness 10000) in paragraph at lines 686--691

 []


Underfull \hbox (badness 10000) in paragraph at lines 686--691

 []


Underfull \hbox (badness 10000) in paragraph at lines 691--695

 []


Overfull \hbox (1.07382pt too wide) in paragraph at lines 691--695
\OMS/cmsy/m/n/12 ^^O$ \T2A/cmr/m/it/12 Лю-бое под-мно-же-ство де-кар-то-во-го к
вад-ра-та яв-ля-ет-ся \T2A/cmr/bx/it/12 би-нар-ным от-но-ше-ни-ем\T2A/cmr/m/it/
12 , опре-
 []


Underfull \hbox (badness 10000) in paragraph at lines 691--695

 []


Underfull \hbox (badness 10000) in paragraph at lines 695--699

 []


Underfull \hbox (badness 10000) in paragraph at lines 704--705

 []


Underfull \hbox (badness 10000) in paragraph at lines 705--712

 []

[25

]
Underfull \hbox (badness 10000) in paragraph at lines 713--718

 []


Underfull \hbox (badness 10000) in paragraph at lines 713--718

 []


Underfull \hbox (badness 10000) in paragraph at lines 721--726

 []


Underfull \hbox (badness 10000) in paragraph at lines 721--726

 []


Underfull \hbox (badness 10000) in paragraph at lines 731--732

 []


Underfull \hbox (badness 10000) in paragraph at lines 743--754

 []


Underfull \hbox (badness 10000) in paragraph at lines 743--754

 []


Underfull \hbox (badness 10000) in paragraph at lines 743--754

 []


Underfull \hbox (badness 10000) in paragraph at lines 743--754

 []


Underfull \hbox (badness 10000) in paragraph at lines 743--754

 []


Underfull \hbox (badness 10000) in paragraph at lines 743--754

 []


Underfull \hbox (badness 10000) in paragraph at lines 743--754

 []


Underfull \hbox (badness 10000) in paragraph at lines 743--754

 []


Underfull \hbox (badness 10000) in paragraph at lines 743--754

 []


Underfull \hbox (badness 10000) in paragraph at lines 743--754

 []


Underfull \hbox (badness 10000) in paragraph at lines 743--754

 []

[26]
Underfull \hbox (badness 10000) in paragraph at lines 754--762

 []

[27]
Underfull \hbox (badness 10000) in paragraph at lines 772--776

 []


Underfull \hbox (badness 10000) in paragraph at lines 772--776

 []


Underfull \hbox (badness 10000) in paragraph at lines 772--776

 []


Underfull \hbox (badness 10000) in paragraph at lines 786--790

 []


Underfull \hbox (badness 10000) in paragraph at lines 786--790

 []


Underfull \hbox (badness 10000) in paragraph at lines 786--790

 []


Underfull \hbox (badness 10000) in paragraph at lines 786--790

 []


Underfull \hbox (badness 10000) in paragraph at lines 790--793

 []


Underfull \hbox (badness 10000) in paragraph at lines 796--801

 []


Underfull \hbox (badness 10000) in paragraph at lines 796--801

 []


Underfull \hbox (badness 10000) in paragraph at lines 808--811

 []


Underfull \hbox (badness 10000) in paragraph at lines 808--811

 []

[28]
Underfull \hbox (badness 10000) in paragraph at lines 812--814

 []

[29]
{\cyrillictext \CYRG \cyrl \cyra \cyrv \cyra } 5.

Underfull \hbox (badness 10000) in paragraph at lines 832--834

 []


Underfull \hbox (badness 10000) in paragraph at lines 832--834

 []


Underfull \hbox (badness 10000) in paragraph at lines 834--839

 []


Underfull \hbox (badness 10000) in paragraph at lines 834--839

 []


Underfull \hbox (badness 10000) in paragraph at lines 834--839

 []


Underfull \hbox (badness 10000) in paragraph at lines 834--839

 []


Underfull \hbox (badness 10000) in paragraph at lines 839--849

 []


Underfull \hbox (badness 10000) in paragraph at lines 839--849

 []


Underfull \hbox (badness 10000) in paragraph at lines 839--849

 []

[30

]
Underfull \hbox (badness 10000) in paragraph at lines 851--852

 []


Underfull \hbox (badness 10000) in paragraph at lines 874--879

 []

[31]
{\cyrillictext \CYRG \cyrl \cyra \cyrv \cyra } 6.

Underfull \hbox (badness 10000) in paragraph at lines 888--889

 []


Overfull \hbox (0.47739pt too wide) in paragraph at lines 889--903
\T2A/cmr/m/n/12 3) $\OML/cmm/m/it/12 n \OT1/cmr/m/n/12 = 3\OML/cmm/m/it/12 ; A 
\OT1/cmr/m/n/12 = [] \OML/cmm/m/it/12 ; ^^N[] \OT1/cmr/m/n/12 = []$\T2A/cmr/m/n
/12 . $\OML/cmm/m/it/12 detA \OT1/cmr/m/n/12 =
 []


Underfull \hbox (badness 10000) in paragraph at lines 889--903

 []


Underfull \hbox (badness 10000) in paragraph at lines 889--903

 []


Underfull \hbox (badness 10000) in paragraph at lines 905--909

 []


Underfull \hbox (badness 10000) in paragraph at lines 914--918

 []

[32

]

LaTeX Warning: Command \cyrp invalid in math mode on input line 962.


LaTeX Warning: Command \cyro invalid in math mode on input line 962.


LaTeX Warning: Command \cyrs invalid in math mode on input line 962.


LaTeX Warning: Command \cyrv invalid in math mode on input line 962.


LaTeX Warning: Command \cyro invalid in math mode on input line 962.


LaTeX Warning: Command \cyrishrt invalid in math mode on input line 962.


LaTeX Warning: Command \cyrs invalid in math mode on input line 962.


LaTeX Warning: Command \cyrt invalid in math mode on input line 962.


LaTeX Warning: Command \cyrv invalid in math mode on input line 962.


LaTeX Warning: Command \cyru invalid in math mode on input line 962.

Missing character: There is no п in font cmr12!
Missing character: There is no о in font cmr12!
Missing character: There is no с in font cmr12!
Missing character: There is no в in font cmr12!
Missing character: There is no о in font cmr12!
Missing character: There is no й in font cmr12!
Missing character: There is no с in font cmr12!
Missing character: There is no т in font cmr12!
Missing character: There is no в in font cmr12!
Missing character: There is no у in font cmr12!

Overfull \hbox (60.75978pt too wide) in paragraph at lines 956--976
[]$\OML/cmm/m/it/12 detB \OT1/cmr/m/n/12 = [] = [4] = [] + [] \OML/cmm/m/it/12 
:$
 []


Underfull \hbox (badness 10000) in paragraph at lines 978--981

 []


Underfull \hbox (badness 10000) in paragraph at lines 978--981

 []

[33]
Underfull \hbox (badness 10000) in paragraph at lines 1000--1002

 []


Underfull \hbox (badness 10000) in paragraph at lines 1017--1031

 []


Underfull \hbox (badness 10000) in paragraph at lines 1017--1031

 []


Underfull \hbox (badness 10000) in paragraph at lines 1017--1031

 []


Underfull \hbox (badness 10000) in paragraph at lines 1017--1031

 []


Underfull \hbox (badness 10000) in paragraph at lines 1017--1031

 []


Underfull \hbox (badness 10000) in paragraph at lines 1017--1031

 []


Underfull \hbox (badness 10000) in paragraph at lines 1017--1031

 []


Underfull \hbox (badness 10000) in paragraph at lines 1017--1031

 []


Underfull \hbox (badness 10000) in paragraph at lines 1017--1031

 []

[34]
Underfull \hbox (badness 10000) in paragraph at lines 1038--1046

 []


Underfull \hbox (badness 10000) in paragraph at lines 1038--1046

 []


Underfull \hbox (badness 10000) in paragraph at lines 1038--1046

 []


Underfull \hbox (badness 10000) in paragraph at lines 1038--1046

 []

[35] (./komr_1_sem.aux)

LaTeX Warning: There were multiply-defined labels.

Package rerunfilecheck Info: File `komr_1_sem.out' has not changed.
(rerunfilecheck)             Checksum: B292CF514EF8441C39E6728B9E068CFF;6567.
 ) 
Here is how much of TeX's memory you used:
 12821 strings out of 478276
 196577 string characters out of 5850489
 513332 words of memory out of 5000000
 30634 multiletter control sequences out of 15000+600000
 495045 words of font info for 83 fonts, out of 8000000 for 9000
 1141 hyphenation exceptions out of 8191
 60i,23n,63p,876b,452s stack positions out of 5000i,500n,10000p,200000b,80000s
{c:/texlive/2021/texmf-dist/fonts/enc/dvips/cm-super/cm-super-t2a.enc}{c:/tex
live/2021/texmf-dist/fonts/enc/dvips/cm-super/cm-super-ts1.enc}<c:/texlive/2021
/texmf-dist/fonts/type1/public/amsfonts/cm/cmex10.pfb><c:/texlive/2021/texmf-di
st/fonts/type1/public/amsfonts/cm/cmmi12.pfb><c:/texlive/2021/texmf-dist/fonts/
type1/public/amsfonts/cm/cmmi6.pfb><c:/texlive/2021/texmf-dist/fonts/type1/publ
ic/amsfonts/cm/cmmi8.pfb><c:/texlive/2021/texmf-dist/fonts/type1/public/amsfont
s/cm/cmr12.pfb><c:/texlive/2021/texmf-dist/fonts/type1/public/amsfonts/cm/cmr6.
pfb><c:/texlive/2021/texmf-dist/fonts/type1/public/amsfonts/cm/cmr8.pfb><c:/tex
live/2021/texmf-dist/fonts/type1/public/amsfonts/cm/cmsy10.pfb><c:/texlive/2021
/texmf-dist/fonts/type1/public/amsfonts/cm/cmsy6.pfb><c:/texlive/2021/texmf-dis
t/fonts/type1/public/amsfonts/cm/cmsy8.pfb><c:/texlive/2021/texmf-dist/fonts/ty
pe1/public/amsfonts/symbols/msam10.pfb><c:/texlive/2021/texmf-dist/fonts/type1/
public/amsfonts/symbols/msbm10.pfb><c:/texlive/2021/texmf-dist/fonts/type1/publ
ic/cm-super/sfbi1200.pfb><c:/texlive/2021/texmf-dist/fonts/type1/public/cm-supe
r/sfbx1200.pfb><c:/texlive/2021/texmf-dist/fonts/type1/public/cm-super/sfbx1440
.pfb><c:/texlive/2021/texmf-dist/fonts/type1/public/cm-super/sfbx1728.pfb><c:/t
exlive/2021/texmf-dist/fonts/type1/public/cm-super/sfbx2488.pfb><c:/texlive/202
1/texmf-dist/fonts/type1/public/cm-super/sfrm1200.pfb><c:/texlive/2021/texmf-di
st/fonts/type1/public/cm-super/sfrm2074.pfb><c:/texlive/2021/texmf-dist/fonts/t
ype1/public/cm-super/sfti0800.pfb><c:/texlive/2021/texmf-dist/fonts/type1/publi
c/cm-super/sfti1200.pfb><c:/texlive/2021/texmf-dist/fonts/type1/public/cm-super
/sfxc1200.pfb>
Output written on komr_1_sem.pdf (36 pages, 893726 bytes).
PDF statistics:
 507 PDF objects out of 1000 (max. 8388607)
 401 compressed objects within 5 object streams
 123 named destinations out of 1000 (max. 500000)
 293 words of extra memory for PDF output out of 10000 (max. 10000000)

