\BOOKMARK [-1][-]{part.1}{\376\377\000I\000\040\004\020\004\075\004\060\004\073\004\070\004\102\004\070\004\107\004\065\004\101\004\072\004\060\004\117\000\040\004\063\004\065\004\076\004\074\004\065\004\102\004\100\004\070\004\117}{}% 1
\BOOKMARK [0][-]{chapter.1}{\376\377\004\043\004\100\004\060\004\062\004\075\004\065\004\075\004\070\004\065\000\040\004\077\004\073\004\076\004\101\004\072\004\076\004\101\004\102\004\070\000\040\004\070\000\040\004\077\004\100\004\117\004\074\004\076\004\071\000\040\004\062\000\040\004\077\004\100\004\076\004\101\004\102\004\100\004\060\004\075\004\101\004\102\004\062\004\065\000.}{part.1}% 2
\BOOKMARK [1][-]{section.1.1}{\376\377\004\043\004\100\004\060\004\062\004\075\004\065\004\075\004\070\004\065\000\040\004\077\004\073\004\076\004\101\004\072\004\076\004\101\004\102\004\070\000.}{chapter.1}% 3
\BOOKMARK [1][-]{section.1.2}{\376\377\004\043\004\100\004\060\004\062\004\075\004\065\004\075\004\070\004\065\000\040\004\077\004\100\004\117\004\074\004\076\004\071\000\040\004\062\000\040\004\077\004\100\004\076\004\101\004\102\004\100\004\060\004\075\004\101\004\102\004\062\004\065\000.}{chapter.1}% 4
\BOOKMARK [0][-]{chapter.2}{\376\377\004\033\004\070\004\075\004\070\004\070\000\040\004\070\000\040\004\077\004\076\004\062\004\065\004\100\004\105\004\075\004\076\004\101\004\102\004\070\000\040\004\062\004\102\004\076\004\100\004\076\004\063\004\076\000\040\004\077\004\076\004\100\004\117\004\064\004\072\004\060}{part.1}% 5
\BOOKMARK [1][-]{section.2.1}{\376\377\004\055\004\073\004\073\004\070\004\077\004\101\000.}{chapter.2}% 6
\BOOKMARK [1][-]{section.2.2}{\376\377\004\023\004\070\004\077\004\065\004\100\004\061\004\076\004\073\004\060\000.}{chapter.2}% 7
\BOOKMARK [1][-]{section.2.3}{\376\377\004\055\004\072\004\101\004\106\004\065\004\075\004\102\004\100\004\070\004\101\004\070\004\102\004\065\004\102\000\040\004\070\000\040\004\064\004\070\004\100\004\065\004\072\004\102\004\100\004\070\004\101\004\113\000\040\004\115\004\073\004\073\004\070\004\077\004\101\004\060\000\040\004\070\000\040\004\063\004\070\004\077\004\065\004\100\004\061\004\076\004\073\004\113\000.}{chapter.2}% 8
\BOOKMARK [1][-]{section.2.4}{\376\377\004\037\004\060\004\100\004\060\004\061\004\076\004\073\004\060\000.}{chapter.2}% 9
\BOOKMARK [1][-]{section.2.5}{\376\377\004\033\004\070\004\075\004\070\004\070\000\040\004\062\004\102\004\076\004\100\004\076\004\063\004\076\000\040\004\077\004\076\004\100\004\117\004\064\004\072\004\060\000.}{chapter.2}% 10
\BOOKMARK [1][-]{section.2.6}{\376\377\004\037\004\076\004\062\004\065\004\100\004\105\004\075\004\076\004\101\004\102\004\070\000\040\004\062\004\102\004\076\004\100\004\076\004\063\004\076\000\040\004\077\004\076\004\100\004\117\004\064\004\072\004\060\000.}{chapter.2}% 11
\BOOKMARK [-1][-]{part.2}{\376\377\000I\000I\000\040\004\036\004\101\004\075\004\076\004\062\004\113\000\040\004\062\004\113\004\101\004\110\004\065\004\071\000\040\004\060\004\073\004\063\004\065\004\061\004\100\004\113}{}% 12
\BOOKMARK [0][-]{chapter.3}{\376\377\004\032\004\076\004\074\004\077\004\073\004\065\004\072\004\101\004\075\004\113\004\065\000\040\004\107\004\070\004\101\004\073\004\060\000.}{part.2}% 13
\BOOKMARK [1][-]{section.3.1}{\376\377\004\037\004\076\004\075\004\117\004\102\004\070\004\065\000\040\004\072\004\076\004\074\004\077\004\073\004\065\004\072\004\101\004\075\004\076\004\063\004\076\000\040\004\107\004\070\004\101\004\073\004\060\000.\000\040\004\020\004\100\004\070\004\104\004\074\004\065\004\102\004\070\004\107\004\065\004\101\004\072\004\070\004\065\000\040\004\076\004\077\004\065\004\100\004\060\004\106\004\070\004\070\000\040\004\101\000\040\004\072\004\076\004\074\004\077\004\073\004\065\004\072\004\101\004\075\004\113\004\074\004\070\000\040\004\107\004\070\004\101\004\073\004\060\004\074\004\070\000.}{chapter.3}% 14
\BOOKMARK [1][-]{section.3.2}{\376\377\004\030\004\067\004\062\004\073\004\065\004\107\004\065\004\075\004\070\004\065\000\040\004\072\004\076\004\100\004\075\004\117\000\040\004\070\004\067\000\040\004\072\004\076\004\074\004\073\004\077\004\065\004\072\004\101\004\075\004\076\004\063\004\076\000\040\004\107\004\070\004\101\004\073\004\060\000.}{chapter.3}% 15
\BOOKMARK [0][-]{chapter.4}{\376\377\004\020\004\073\004\063\004\065\004\061\004\100\004\060\004\070\004\107\004\065\004\101\004\072\004\070\004\065\000\040\004\101\004\102\004\100\004\103\004\072\004\102\004\103\004\100\004\113}{part.2}% 16
\BOOKMARK [1][-]{section.4.1}{\376\377\004\021\004\070\004\075\004\060\004\100\004\075\004\113\004\065\000\040\004\076\004\102\004\075\004\076\004\110\004\065\004\075\004\070\004\117\000.}{chapter.4}% 17
\BOOKMARK [1][-]{section.4.2}{\376\377\004\036\004\102\004\076\004\061\004\100\004\060\004\066\004\065\004\075\004\070\004\117\000.}{chapter.4}% 18
\BOOKMARK [1][-]{section.4.3}{\376\377\004\021\004\070\004\075\004\060\004\100\004\075\004\060\004\117\000\040\004\060\004\073\004\063\004\065\004\061\004\100\004\060\004\070\004\107\004\065\004\101\004\072\004\060\004\117\000\040\004\076\004\077\004\065\004\100\004\060\004\106\004\070\004\117\000.}{chapter.4}% 19
\BOOKMARK [0][-]{chapter.5}{\376\377\004\034\004\075\004\076\004\063\004\076\004\107\004\073\004\065\004\075\004\113}{part.2}% 20
\BOOKMARK [1][-]{section.5.1}{\376\377\004\032\004\076\004\073\004\114\004\106\004\076\000\040\004\074\004\075\004\076\004\063\004\076\004\107\004\073\004\065\004\075\004\076\004\062\000.}{chapter.5}% 21
\BOOKMARK [0][-]{chapter.6}{\376\377\004\034\004\060\004\102\004\100\004\070\004\106\004\113\000\040\004\070\000\040\004\076\004\077\004\100\004\065\004\064\004\065\004\073\004\070\004\102\004\065\004\073\004\070}{part.2}% 22
\BOOKMARK [1][-]{section.6.1}{\376\377\004\036\004\077\004\100\004\065\004\064\004\065\004\073\004\070\004\102\004\065\004\073\004\114\000\040\004\074\004\060\004\102\004\100\004\070\004\106\004\113\000.}{chapter.6}% 23
\BOOKMARK [1][-]{section.6.2}{\376\377\004\020\004\073\004\063\004\076\004\100\004\070\004\102\004\074\000\040\004\025\004\062\004\072\004\073\004\070\004\064\004\060\000.\000\040\004\036\004\101\004\075\004\076\004\062\004\075\004\060\004\117\000\040\004\102\004\065\004\076\004\100\004\065\004\074\004\060\000\040\004\060\004\100\004\070\004\104\004\074\004\065\004\102\004\070\004\072\004\070\000.\000\040\004\032\004\070\004\102\004\060\004\071\004\101\004\072\004\060\004\117\000\040\004\102\004\065\004\076\004\100\004\065\004\074\004\060\000\040\004\076\004\061\000\040\004\076\004\101\004\102\004\060\004\102\004\072\004\060\004\105\000.}{chapter.6}% 24
